[13:12:47] [ServerMain/INFO]: Environment: authHost='https://authserver.mojang.com', accountsHost='https://api.mojang.com', sessionHost='https://sessionserver.mojang.com', servicesHost='https://api.minecraftservices.com', name='PROD'
[13:12:48] [ServerMain/INFO]: Loaded 7 recipes
[13:12:49] [Server thread/INFO]: Starting minecraft server version 1.19.4
[13:12:49] [Server thread/INFO]: Loading properties
[13:12:49] [Server thread/INFO]: This server is running CraftBukkit version 3714-Spigot-b31949f-3ae9069 (MC: 1.19.4) (Implementing API version 1.19.4-R0.1-SNAPSHOT)
[13:12:49] [Server thread/INFO]: Server Ping Player Sample Count: 12
[13:12:49] [Server thread/INFO]: Using 4 threads for Netty based IO
[13:12:49] [Server thread/INFO]: Debug logging is disabled
[13:12:49] [Server thread/INFO]: Default game type: CREATIVE
[13:12:49] [Server thread/INFO]: Generating keypair
[13:12:49] [Server thread/INFO]: Starting Minecraft server on *:25565
[13:12:49] [Server thread/INFO]: Using epoll channel type
[13:12:49] [Server thread/WARN]: Initializing Legacy Material Support. Unless you have legacy plugins and/or data this is a bug!
[13:12:51] [Server thread/WARN]: Legacy plugin SetSpawn v3.4 does not specify an api-version.
[13:12:51] [Server thread/WARN]: Legacy plugin ELCI v1.12.1 does not specify an api-version.
[13:12:51] [Server thread/INFO]: [SetSpawn] Loading SetSpawn v3.4
[13:12:51] [Server thread/INFO]: [ELCI] Loading ELCI v1.12.1
[13:12:51] [Server thread/INFO]: Preparing level "world"
[13:12:51] [Server thread/INFO]: -------- World Settings For [world] --------
[13:12:51] [Server thread/INFO]: Experience Merge Radius: 3.0
[13:12:51] [Server thread/INFO]: Mob Spawn Range: 6
[13:12:51] [Server thread/INFO]: Cactus Growth Modifier: 100%
[13:12:51] [Server thread/INFO]: Cane Growth Modifier: 100%
[13:12:51] [Server thread/INFO]: Melon Growth Modifier: 100%
[13:12:51] [Server thread/INFO]: Mushroom Growth Modifier: 100%
[13:12:51] [Server thread/INFO]: Pumpkin Growth Modifier: 100%
[13:12:51] [Server thread/INFO]: Sapling Growth Modifier: 100%
[13:12:51] [Server thread/INFO]: Beetroot Growth Modifier: 100%
[13:12:51] [Server thread/INFO]: Carrot Growth Modifier: 100%
[13:12:51] [Server thread/INFO]: Potato Growth Modifier: 100%
[13:12:51] [Server thread/INFO]: Wheat Growth Modifier: 100%
[13:12:51] [Server thread/INFO]: NetherWart Growth Modifier: 100%
[13:12:51] [Server thread/INFO]: Vine Growth Modifier: 100%
[13:12:51] [Server thread/INFO]: Cocoa Growth Modifier: 100%
[13:12:51] [Server thread/INFO]: Bamboo Growth Modifier: 100%
[13:12:51] [Server thread/INFO]: SweetBerry Growth Modifier: 100%
[13:12:51] [Server thread/INFO]: Kelp Growth Modifier: 100%
[13:12:51] [Server thread/INFO]: TwistingVines Growth Modifier: 100%
[13:12:51] [Server thread/INFO]: WeepingVines Growth Modifier: 100%
[13:12:51] [Server thread/INFO]: CaveVines Growth Modifier: 100%
[13:12:51] [Server thread/INFO]: Custom Map Seeds:  Village: 10387312 Desert: 14357617 Igloo: 14357618 Jungle: 14357619 Swamp: 14357620 Monument: 10387313 Ocean: 14357621 Shipwreck: 165745295 End City: 10387313 Slime: 987234911 Nether: 30084232 Mansion: 10387319 Fossil: 14357921 Portal: 34222645
[13:12:51] [Server thread/INFO]: Max TNT Explosions: 100
[13:12:51] [Server thread/INFO]: Tile Max Tick Time: 50ms Entity max Tick Time: 50ms
[13:12:51] [Server thread/INFO]: Entity Activation Range: An 32 / Mo 32 / Ra 48 / Mi 16 / Tiv true / Isa false
[13:12:51] [Server thread/INFO]: Entity Tracking Range: Pl 48 / An 48 / Mo 48 / Mi 32 / Other 64
[13:12:51] [Server thread/INFO]: Hopper Transfer: 8 Hopper Check: 1 Hopper Amount: 1 Hopper Can Load Chunks: false
[13:12:51] [Server thread/INFO]: View Distance: 10
[13:12:51] [Server thread/INFO]: Simulation Distance: 10
[13:12:51] [Server thread/INFO]: Item Despawn Rate: 6000
[13:12:51] [Server thread/INFO]: Item Merge Radius: 2.5
[13:12:51] [Server thread/INFO]: Allow Zombie Pigmen to spawn from portal blocks: true
[13:12:51] [Server thread/INFO]: Arrow Despawn Rate: 1200 Trident Respawn Rate:1200
[13:12:51] [Server thread/INFO]: Zombie Aggressive Towards Villager: true
[13:12:51] [Server thread/INFO]: Nerfing mobs spawned from spawners: false
[13:12:51] [Server thread/INFO]: Preparing start region for dimension minecraft:overworld
[13:12:53] [Worker-Main-20/INFO]: Preparing spawn area: 0%
[13:12:53] [Worker-Main-1/INFO]: Preparing spawn area: 0%
[13:12:53] [Worker-Main-1/INFO]: Preparing spawn area: 0%
[13:12:53] [Worker-Main-20/INFO]: Preparing spawn area: 0%
[13:12:53] [Worker-Main-1/INFO]: Preparing spawn area: 0%
[13:12:54] [Worker-Main-4/INFO]: Preparing spawn area: 1%
[13:12:54] [Worker-Main-10/INFO]: Preparing spawn area: 86%
[13:12:54] [Server thread/INFO]: Time elapsed: 3096 ms
[13:12:54] [Server thread/INFO]: [SetSpawn] Enabling SetSpawn v3.4
[13:12:54] [Server thread/INFO]: [SetSpawn] Enabled!
[13:12:54] [Server thread/INFO]: [ELCI] Enabling ELCI v1.12.1
[13:12:54] [Server thread/INFO]: [ELCI] Using host:port - 0.0.0.0:4711
[13:12:55] [Server thread/INFO]: [ELCI] ThreadListener Started
[13:12:55] [Server thread/INFO]: Server permissions file permissions.yml is empty, ignoring it
[13:12:55] [Server thread/INFO]: Done (3.313s)! For help, type "help"
[16:53:13] [User Authenticator #1/INFO]: UUID of player DaScamp886 is 6e5507a9-5d40-4ff2-8296-212474343308
[16:53:13] [Server thread/INFO]: Welcome DaScamp886[m
[16:53:13] [Server thread/INFO]: DaScamp886 joined the game
[16:53:13] [Server thread/INFO]: DaScamp886[/[0:0:0:0:0:0:0:1%0]:43850] logged in with entity id 19 at ([world]4.0, -24.0, -2.0)
[16:54:52] [Thread-112/INFO]: [ELCI] Starting input thread
[16:54:52] [Thread-8/INFO]: [ELCI] Opened connection to/127.0.0.1:39110.
[16:54:52] [Thread-113/INFO]: [ELCI] Starting output thread!
[16:54:57] [Server thread/INFO]: [ELCI] Closed connection to/127.0.0.1:39110.
[17:19:09] [Thread-8/INFO]: [ELCI] Opened connection to/127.0.0.1:60282.
[17:19:09] [Thread-126/INFO]: [ELCI] Starting output thread!
[17:19:09] [Thread-125/INFO]: [ELCI] Starting input thread
[17:19:13] [Server thread/INFO]: [ELCI] Closed connection to/127.0.0.1:60282.
[17:24:56] [Thread-132/INFO]: [ELCI] Starting input thread
[17:24:56] [Thread-8/INFO]: [ELCI] Opened connection to/127.0.0.1:50972.
[17:24:56] [Thread-133/INFO]: [ELCI] Starting output thread!
[17:25:02] [Server thread/INFO]: [ELCI] Closed connection to/127.0.0.1:50972.
[17:34:07] [Thread-140/INFO]: [ELCI] Starting input thread
[17:34:07] [Thread-8/INFO]: [ELCI] Opened connection to/127.0.0.1:58272.
[17:34:07] [Thread-141/INFO]: [ELCI] Starting output thread!
[17:34:11] [Server thread/INFO]: [ELCI] Closed connection to/127.0.0.1:58272.
[17:35:32] [Thread-8/INFO]: [ELCI] Opened connection to/127.0.0.1:44146.
[17:35:32] [Thread-142/INFO]: [ELCI] Starting input thread
[17:35:32] [Thread-143/INFO]: [ELCI] Starting output thread!
[17:35:36] [Server thread/INFO]: [ELCI] Closed connection to/127.0.0.1:44146.
